<?xml version="1.0" encoding="UTF-8"?>
<testng-results skipped="0" failed="0" total="3" passed="3">
  <reporter-output>
  </reporter-output>
  <suite name="com.testChaijin" duration-ms="180" started-at="2017-10-08T15:55:00Z" finished-at="2017-10-08T15:55:00Z">
    <groups>
    </groups>
    <test name="testDemo1" duration-ms="180" started-at="2017-10-08T15:55:00Z" finished-at="2017-10-08T15:55:00Z">
      <class name="com.testChaijin.TestDemo1">
        <test-method status="PASS" signature="testCase2()[pri:0, instance:com.testChaijin.TestDemo1@77f03bb1]" name="testCase2" duration-ms="136" started-at="2017-10-08T23:55:00Z" finished-at="2017-10-08T23:55:00Z">
          <reporter-output>
          </reporter-output>
        </test-method> <!-- testCase2 -->
        <test-method status="PASS" signature="testCase3()[pri:0, instance:com.testChaijin.TestDemo1@77f03bb1]" name="testCase3" duration-ms="14" started-at="2017-10-08T23:55:00Z" finished-at="2017-10-08T23:55:00Z">
          <reporter-output>
          </reporter-output>
        </test-method> <!-- testCase3 -->
        <test-method status="PASS" signature="testcase1()[pri:0, instance:com.testChaijin.TestDemo1@77f03bb1]" name="testcase1" duration-ms="4" started-at="2017-10-08T23:55:00Z" finished-at="2017-10-08T23:55:00Z">
          <reporter-output>
          </reporter-output>
        </test-method> <!-- testcase1 -->
      </class> <!-- com.testChaijin.TestDemo1 -->
    </test> <!-- testDemo1 -->
  </suite> <!-- com.testChaijin -->
</testng-results>
